[2021-10-18 13:17:41,061] DEBUG in urllib3.connectionpool: Starting new HTTPS connection (1): localhost:8000
[2021-10-18 16:49:50,888] DEBUG in urllib3.connectionpool: Starting new HTTP connection (1): localhost:8000
[2021-10-18 17:08:47,405] DEBUG in urllib3.connectionpool: Starting new HTTP connection (1): localhost:8000
[2021-10-18 17:08:51,573] DEBUG in urllib3.connectionpool: Starting new HTTP connection (1): localhost:8000
[2021-10-18 17:09:53,330] DEBUG in urllib3.connectionpool: Starting new HTTP connection (1): localhost:8000
[2021-10-18 17:17:38,777] DEBUG in urllib3.connectionpool: Starting new HTTP connection (1): localhost:8000
[2021-10-18 18:12:45,020] DEBUG in urllib3.connectionpool: Starting new HTTP connection (1): localhost:8000
[2021-10-19 19:50:20,944] DEBUG in urllib3.connectionpool: Starting new HTTP connection (1): localhost:8000
[2021-10-22 16:19:02,736] DEBUG in users: WHERE "username = ? AND password = ?", ['chris', 'password2']
[2021-10-22 16:19:06,837] DEBUG in users: WHERE "username = ? AND password = ?", ['chris', 'password3']
[2021-10-22 16:23:46,604] DEBUG in users: WHERE "username = ? AND password = ?", ['chris', 'password3']
[2021-10-22 16:44:17,457] DEBUG in users: WHERE "username = ?", ['chris']
[2021-10-22 16:44:29,570] DEBUG in users: WHERE "username = ?", ['chris']
[2021-10-22 17:03:19,669] DEBUG in urllib3.connectionpool: Starting new HTTP connection (1): localhost:5000
[2021-10-22 17:03:19,676] DEBUG in urllib3.connectionpool: http://localhost:5000 "GET /user/verify?username=%22chris%22?password=%22password2%22 HTTP/1.1" 404 3512
[2021-10-22 17:04:07,320] DEBUG in urllib3.connectionpool: Starting new HTTP connection (1): localhost:5000
[2021-10-22 17:04:07,327] DEBUG in urllib3.connectionpool: http://localhost:5000 "GET /user/verify?username=chris&password=password2 HTTP/1.1" 404 3512
[2021-10-22 17:04:46,035] DEBUG in urllib3.connectionpool: Starting new HTTP connection (1): localhost:5000
[2021-10-22 17:04:46,042] DEBUG in urllib3.connectionpool: http://localhost:5000 "GET /user/verify?username=chris&password=password2 HTTP/1.1" 404 3512
[2021-10-22 17:05:12,303] DEBUG in urllib3.connectionpool: Starting new HTTP connection (1): localhost:5000
[2021-10-22 17:05:12,309] DEBUG in urllib3.connectionpool: http://localhost:5000 "GET /user/verify?username=chris?password=password2 HTTP/1.1" 404 3512
[2021-10-22 17:05:18,570] DEBUG in urllib3.connectionpool: Starting new HTTP connection (1): localhost:5000
[2021-10-22 17:05:18,572] DEBUG in urllib3.connectionpool: http://localhost:5000 "GET /user/verify?username=chris?password=password3 HTTP/1.1" 404 3512
[2021-10-22 17:05:21,369] DEBUG in urllib3.connectionpool: Starting new HTTP connection (1): localhost:5000
[2021-10-22 17:05:21,371] DEBUG in urllib3.connectionpool: http://localhost:5000 "GET /user/verify?username=chris?password=password2 HTTP/1.1" 404 3512
[2021-10-22 17:05:48,501] DEBUG in urllib3.connectionpool: Starting new HTTP connection (1): localhost:5000
[2021-10-22 17:05:48,508] DEBUG in urllib3.connectionpool: http://localhost:5000 "GET /user/verify?username=chris?password=password2 HTTP/1.1" 404 3512
[2021-10-22 17:06:41,107] DEBUG in urllib3.connectionpool: Starting new HTTP connection (1): localhost:5000
[2021-10-22 17:06:41,109] DEBUG in urllib3.connectionpool: http://localhost:5000 "GET /user/verify?username=chris?password=password2 HTTP/1.1" 404 3512
[2021-10-22 17:07:27,370] DEBUG in urllib3.connectionpool: Starting new HTTP connection (1): localhost:5000
[2021-10-22 17:07:27,376] DEBUG in urllib3.connectionpool: http://localhost:5000 "GET /user/verify?username=chris%20password=password2 HTTP/1.1" 404 3512
[2021-10-22 17:09:49,159] DEBUG in urllib3.connectionpool: Starting new HTTP connection (1): localhost:5000
[2021-10-22 17:09:49,166] DEBUG in urllib3.connectionpool: http://localhost:5000 "GET /user/verify?username=chris&password=password2 HTTP/1.1" 404 3512
[2021-10-22 17:11:41,356] DEBUG in urllib3.connectionpool: Starting new HTTP connection (1): localhost:5000
[2021-10-22 17:11:41,359] DEBUG in urllib3.connectionpool: http://localhost:5000 "GET /user/verify?username=chris&password=password2 HTTP/1.1" 404 3512
[2021-10-22 17:11:50,363] DEBUG in urllib3.connectionpool: Starting new HTTP connection (1): localhost:5000
[2021-10-22 17:11:50,369] DEBUG in urllib3.connectionpool: http://localhost:5000 "GET /user/verify?username=chris&password=password2 HTTP/1.1" 404 3512
[2021-10-22 17:12:24,825] DEBUG in urllib3.connectionpool: Starting new HTTP connection (1): 0.0.0.0:5000
[2021-10-22 17:12:24,831] DEBUG in urllib3.connectionpool: http://0.0.0.0:5000 "GET /user/verify?username=chris&password=password2 HTTP/1.1" 404 3512
[2021-10-22 17:13:19,253] DEBUG in urllib3.connectionpool: Starting new HTTP connection (1): localhost:5000
[2021-10-22 17:13:19,278] DEBUG in urllib3.connectionpool: http://localhost:5000 "GET /users/verify?username=chris&password=password2 HTTP/1.1" 200 60
[2021-10-22 17:13:34,955] DEBUG in urllib3.connectionpool: Starting new HTTP connection (1): localhost:5000
[2021-10-22 17:13:34,969] DEBUG in urllib3.connectionpool: http://localhost:5000 "GET /users/verify?username=chris&password=password1 HTTP/1.1" 401 29
[2021-10-22 17:14:44,797] DEBUG in urllib3.connectionpool: Starting new HTTP connection (1): localhost:5000
[2021-10-22 17:14:44,816] DEBUG in urllib3.connectionpool: http://localhost:5000 "GET /users/verify?username=chris&password=password1 HTTP/1.1" 401 29
[2021-10-22 17:14:49,946] DEBUG in urllib3.connectionpool: Starting new HTTP connection (1): localhost:5000
[2021-10-22 17:14:49,956] DEBUG in urllib3.connectionpool: http://localhost:5000 "GET /users/verify?username=chris&password=password2 HTTP/1.1" 200 60
[2021-10-22 17:15:05,942] DEBUG in urllib3.connectionpool: Starting new HTTP connection (1): localhost:5000
[2021-10-22 17:15:05,961] DEBUG in urllib3.connectionpool: http://localhost:5000 "GET /users/verify?username=steve&password=password2 HTTP/1.1" 401 29
[2021-10-22 17:15:13,044] DEBUG in urllib3.connectionpool: Starting new HTTP connection (1): localhost:5000
[2021-10-22 17:15:13,065] DEBUG in urllib3.connectionpool: http://localhost:5000 "GET /users/verify?username=steve&password=password3 HTTP/1.1" 200 60
[2021-10-22 18:16:15,316] DEBUG in urllib3.connectionpool: Starting new HTTP connection (1): localhost:5000
[2021-10-22 18:16:15,328] DEBUG in urllib3.connectionpool: http://localhost:5000 "GET /users/verify?username=chris&password=password2 HTTP/1.1" 200 60
[2021-10-22 18:16:24,929] DEBUG in urllib3.connectionpool: Starting new HTTP connection (1): localhost:5000
[2021-10-22 18:16:24,939] DEBUG in urllib3.connectionpool: http://localhost:5000 "GET /users/verify?username=chris&password=password2 HTTP/1.1" 200 60
[2021-10-22 18:16:36,715] DEBUG in urllib3.connectionpool: Starting new HTTP connection (1): localhost:5000
[2021-10-22 18:16:36,725] DEBUG in urllib3.connectionpool: http://localhost:5000 "GET /users/verify?username=chris&password=password HTTP/1.1" 200 60
[2021-10-22 18:16:48,882] DEBUG in urllib3.connectionpool: Starting new HTTP connection (1): localhost:5000
[2021-10-22 18:16:48,892] DEBUG in urllib3.connectionpool: http://localhost:5000 "GET /users/verify?username=chris&password=passw HTTP/1.1" 401 29
[2021-10-22 18:17:40,315] DEBUG in urllib3.connectionpool: Starting new HTTP connection (1): localhost:5000
[2021-10-22 18:17:40,325] DEBUG in urllib3.connectionpool: http://localhost:5000 "GET /users/verify?username=chris&password=pa HTTP/1.1" 401 29
[2021-10-22 18:17:50,568] DEBUG in urllib3.connectionpool: Starting new HTTP connection (1): localhost:5000
[2021-10-22 18:17:50,577] DEBUG in urllib3.connectionpool: http://localhost:5000 "GET /users/verify?username=chris&password=pa HTTP/1.1" 401 29
[2021-10-22 18:18:18,990] DEBUG in urllib3.connectionpool: Starting new HTTP connection (1): localhost:5000
[2021-10-22 18:18:19,000] DEBUG in urllib3.connectionpool: http://localhost:5000 "GET /users/verify?username=chris&password=password HTTP/1.1" 200 60
[2021-10-22 18:18:28,631] DEBUG in urllib3.connectionpool: Starting new HTTP connection (1): localhost:5000
[2021-10-22 18:18:28,640] DEBUG in urllib3.connectionpool: http://localhost:5000 "GET /users/verify?username=username&password=password HTTP/1.1" 200 60
[2021-10-22 18:19:53,335] DEBUG in urllib3.connectionpool: Starting new HTTP connection (1): localhost:5000
[2021-10-22 18:19:53,354] DEBUG in urllib3.connectionpool: http://localhost:5000 "GET /users/verify?username=username&password=password HTTP/1.1" 200 60
[2021-10-22 18:21:40,111] DEBUG in urllib3.connectionpool: Starting new HTTP connection (1): localhost:5000
[2021-10-22 18:21:40,130] DEBUG in urllib3.connectionpool: http://localhost:5000 "GET /users/verify?username=username&password=password HTTP/1.1" 200 60
[2021-10-22 18:26:16,595] DEBUG in urllib3.connectionpool: Starting new HTTP connection (1): localhost:5000
[2021-10-22 18:26:16,612] DEBUG in urllib3.connectionpool: http://localhost:5000 "GET /users/verify?username=username&password=password HTTP/1.1" 200 60
[2021-10-22 18:26:16,618] DEBUG in urllib3.connectionpool: Starting new HTTP connection (1): localhost:5000
[2021-10-22 18:26:16,638] DEBUG in urllib3.connectionpool: http://localhost:5000 "GET /users/verify?username=username&password=password HTTP/1.1" 200 60
[2021-10-22 18:28:07,609] DEBUG in urllib3.connectionpool: Starting new HTTP connection (1): localhost:5000
[2021-10-22 18:28:07,625] DEBUG in urllib3.connectionpool: http://localhost:5000 "GET /users/verify?username=username&password=password HTTP/1.1" 200 60
[2021-10-22 18:28:07,633] DEBUG in urllib3.connectionpool: Starting new HTTP connection (1): localhost:5000
[2021-10-22 18:28:07,649] DEBUG in urllib3.connectionpool: http://localhost:5000 "GET /users/verify?username=username&password=password HTTP/1.1" 200 60
[2021-10-22 18:29:39,242] DEBUG in urllib3.connectionpool: Starting new HTTP connection (1): localhost:5000
[2021-10-22 18:29:39,259] DEBUG in urllib3.connectionpool: http://localhost:5000 "GET /users/verify?username=username&password=password HTTP/1.1" 200 60
[2021-10-22 18:29:39,267] DEBUG in urllib3.connectionpool: Starting new HTTP connection (1): localhost:5000
[2021-10-22 18:29:39,289] DEBUG in urllib3.connectionpool: http://localhost:5000 "GET /users/verify?username=username&password=password HTTP/1.1" 200 60
[2021-10-22 18:30:37,315] DEBUG in urllib3.connectionpool: Starting new HTTP connection (1): localhost:5000
[2021-10-22 18:30:37,334] DEBUG in urllib3.connectionpool: http://localhost:5000 "GET /users/verify?username=username&password=password HTTP/1.1" 200 60
[2021-10-22 18:30:37,341] DEBUG in urllib3.connectionpool: Starting new HTTP connection (1): localhost:5000
[2021-10-22 18:30:37,367] DEBUG in urllib3.connectionpool: http://localhost:5000 "GET /users/verify?username=1&password=%5D HTTP/1.1" 401 29
[2021-10-22 18:30:52,781] DEBUG in urllib3.connectionpool: Starting new HTTP connection (1): localhost:5000
[2021-10-22 18:30:52,791] DEBUG in urllib3.connectionpool: http://localhost:5000 "GET /users/verify?username=chris&password=password2 HTTP/1.1" 200 60
[2021-10-22 18:30:52,800] DEBUG in urllib3.connectionpool: Starting new HTTP connection (1): localhost:5000
[2021-10-22 18:30:52,812] DEBUG in urllib3.connectionpool: http://localhost:5000 "GET /users/verify?username=1&password=%5D HTTP/1.1" 401 29
[2021-10-22 18:31:20,277] DEBUG in urllib3.connectionpool: Starting new HTTP connection (1): localhost:5000
[2021-10-22 18:31:20,293] DEBUG in urllib3.connectionpool: http://localhost:5000 "GET /users/verify?username=chris&password=password2 HTTP/1.1" 200 60
[2021-10-22 18:31:20,301] DEBUG in urllib3.connectionpool: Starting new HTTP connection (1): localhost:5000
[2021-10-22 18:31:20,319] DEBUG in urllib3.connectionpool: http://localhost:5000 "GET /users/verify?username=1&password=%5D HTTP/1.1" 401 29
[2021-10-22 18:32:32,645] DEBUG in urllib3.connectionpool: Starting new HTTP connection (1): localhost:5000
[2021-10-22 18:32:32,662] DEBUG in urllib3.connectionpool: http://localhost:5000 "GET /users/verify?username=chris&password=password2 HTTP/1.1" 200 60
[2021-10-22 18:32:32,669] DEBUG in urllib3.connectionpool: Starting new HTTP connection (1): localhost:5000
[2021-10-22 18:32:32,676] DEBUG in urllib3.connectionpool: http://localhost:5000 "GET /users/verify?username=,&password=%5D HTTP/1.1" 400 55
[2021-10-22 18:33:01,939] DEBUG in urllib3.connectionpool: Starting new HTTP connection (1): localhost:5000
[2021-10-22 18:33:01,956] DEBUG in urllib3.connectionpool: http://localhost:5000 "GET /users/verify?username=chris&password=password2 HTTP/1.1" 200 60
[2021-10-22 18:34:24,746] DEBUG in urllib3.connectionpool: Starting new HTTP connection (1): localhost:5000
[2021-10-22 18:34:24,762] DEBUG in urllib3.connectionpool: http://localhost:5000 "GET /users/verify?username=chris&password=password2 HTTP/1.1" 200 60
[2021-10-22 18:35:34,985] DEBUG in urllib3.connectionpool: Starting new HTTP connection (1): localhost:5000
[2021-10-22 18:35:35,004] DEBUG in urllib3.connectionpool: http://localhost:5000 "GET /users/verify?username=chris&password=password2 HTTP/1.1" 200 60
[2021-10-22 18:36:40,060] DEBUG in urllib3.connectionpool: Starting new HTTP connection (1): localhost:5000
[2021-10-22 18:36:40,077] DEBUG in urllib3.connectionpool: http://localhost:5000 "GET /users/verify?username=chris&password=password2 HTTP/1.1" 200 60
[2021-10-22 18:36:40,083] DEBUG in urllib3.connectionpool: Starting new HTTP connection (1): localhost:5000
[2021-10-22 18:36:40,096] DEBUG in urllib3.connectionpool: http://localhost:5000 "GET /users/verify?username=&password= HTTP/1.1" 400 128
[2021-10-22 18:38:50,918] DEBUG in urllib3.connectionpool: Starting new HTTP connection (1): localhost:5000
[2021-10-22 18:38:50,936] DEBUG in urllib3.connectionpool: http://localhost:5000 "GET /users/verify?username=chris&password=password2 HTTP/1.1" 200 60
[2021-10-22 18:38:50,943] DEBUG in urllib3.connectionpool: Starting new HTTP connection (1): localhost:5000
[2021-10-22 18:38:50,951] DEBUG in urllib3.connectionpool: http://localhost:5000 "GET /users/verify?username=&password= HTTP/1.1" 400 128
[2021-10-22 18:39:46,409] DEBUG in urllib3.connectionpool: Starting new HTTP connection (1): localhost:5000
[2021-10-22 18:39:46,427] DEBUG in urllib3.connectionpool: http://localhost:5000 "GET /users/verify?username=chris&password=password2 HTTP/1.1" 409 39
[2021-10-22 18:40:22,157] DEBUG in urllib3.connectionpool: Starting new HTTP connection (1): localhost:5000
[2021-10-22 18:40:22,174] DEBUG in urllib3.connectionpool: http://localhost:5000 "GET /users/verify?username=chris&password=password2 HTTP/1.1" 409 39
[2021-10-22 18:40:48,903] DEBUG in urllib3.connectionpool: Starting new HTTP connection (1): localhost:5000
[2021-10-22 18:40:48,919] DEBUG in urllib3.connectionpool: http://localhost:5000 "GET /users/verify?username=chris&password=password2 HTTP/1.1" 409 39
[2021-10-22 18:41:19,963] DEBUG in urllib3.connectionpool: Starting new HTTP connection (1): localhost:5000
[2021-10-22 18:41:19,980] DEBUG in urllib3.connectionpool: http://localhost:5000 "GET /users/verify?username=chris&password=password2 HTTP/1.1" 200 70
[2021-10-22 18:41:19,986] DEBUG in urllib3.connectionpool: Starting new HTTP connection (1): localhost:5000
[2021-10-22 18:41:20,000] DEBUG in urllib3.connectionpool: http://localhost:5000 "GET /users/verify?username=&password= HTTP/1.1" 400 128
[2021-10-22 18:47:31,871] DEBUG in urllib3.connectionpool: Starting new HTTP connection (1): localhost:5000
[2021-10-22 18:47:31,885] DEBUG in urllib3.connectionpool: http://localhost:5000 "GET /users/verify?username=chris&password=password2 HTTP/1.1" 409 37
[2021-10-22 18:48:32,375] DEBUG in urllib3.connectionpool: Starting new HTTP connection (1): localhost:5000
[2021-10-22 18:48:32,392] DEBUG in urllib3.connectionpool: http://localhost:5000 "GET /users/verify?username=chris&password=password2 HTTP/1.1" 200 22
[2021-10-22 18:48:32,398] DEBUG in urllib3.connectionpool: Starting new HTTP connection (1): localhost:5000
[2021-10-22 18:48:32,411] DEBUG in urllib3.connectionpool: http://localhost:5000 "GET /users/verify?username=&password= HTTP/1.1" 400 128
[2021-10-22 18:50:10,311] DEBUG in urllib3.connectionpool: Starting new HTTP connection (1): localhost:5000
[2021-10-22 18:50:10,329] DEBUG in urllib3.connectionpool: http://localhost:5000 "GET /users/verify?username=chris&password=password2 HTTP/1.1" 200 22
[2021-10-22 18:50:50,266] DEBUG in urllib3.connectionpool: Starting new HTTP connection (1): localhost:5000
[2021-10-22 18:50:50,283] DEBUG in urllib3.connectionpool: http://localhost:5000 "GET /users/verify?username=chris&password=password2 HTTP/1.1" 200 22
[2021-10-22 18:50:50,290] DEBUG in urllib3.connectionpool: Starting new HTTP connection (1): localhost:5000
[2021-10-22 18:50:50,298] DEBUG in urllib3.connectionpool: http://localhost:5000 "GET /users/verify?username=&password= HTTP/1.1" 400 128
[2021-10-22 19:01:14,722] DEBUG in urllib3.connectionpool: Starting new HTTP connection (1): localhost:5000
[2021-10-22 19:01:14,732] DEBUG in urllib3.connectionpool: http://localhost:5000 "GET /users/verify?username=username&password=password HTTP/1.1" 500 141
[2021-10-22 19:02:29,962] DEBUG in urllib3.connectionpool: Starting new HTTP connection (1): localhost:5000
[2021-10-22 19:02:29,980] DEBUG in urllib3.connectionpool: http://localhost:5000 "GET /users/verify?username=username&password=password HTTP/1.1" 200 38
[2021-10-22 19:02:29,993] DEBUG in urllib3.connectionpool: Starting new HTTP connection (1): localhost:5000
[2021-10-22 19:02:30,007] DEBUG in urllib3.connectionpool: http://localhost:5000 "GET /users/verify?username=&password= HTTP/1.1" 400 128
[2021-10-22 19:03:18,941] DEBUG in urllib3.connectionpool: Starting new HTTP connection (1): localhost:5000
[2021-10-22 19:03:18,958] DEBUG in urllib3.connectionpool: http://localhost:5000 "GET /users/verify?username=username&password=password HTTP/1.1" 200 95
[2021-10-22 19:03:18,964] DEBUG in urllib3.connectionpool: Starting new HTTP connection (1): localhost:5000
[2021-10-22 19:03:18,975] DEBUG in urllib3.connectionpool: http://localhost:5000 "GET /users/verify?username=&password= HTTP/1.1" 400 128
[2021-10-22 19:04:16,393] DEBUG in urllib3.connectionpool: Starting new HTTP connection (1): localhost:5000
[2021-10-22 19:04:16,411] DEBUG in urllib3.connectionpool: http://localhost:5000 "GET /users/verify?username=username&password=password HTTP/1.1" 409 62
[2021-10-22 19:05:08,207] DEBUG in urllib3.connectionpool: Starting new HTTP connection (1): localhost:5000
[2021-10-22 19:05:08,224] DEBUG in urllib3.connectionpool: http://localhost:5000 "GET /users/verify?username=username&password=password HTTP/1.1" 409 62
[2021-10-22 19:05:56,639] DEBUG in urllib3.connectionpool: Starting new HTTP connection (1): localhost:5000
[2021-10-22 19:05:56,657] DEBUG in urllib3.connectionpool: http://localhost:5000 "GET /users/verify?username=username&password=password HTTP/1.1" 409 62
[2021-10-22 19:06:19,229] DEBUG in urllib3.connectionpool: Starting new HTTP connection (1): localhost:5000
[2021-10-22 19:06:19,246] DEBUG in urllib3.connectionpool: http://localhost:5000 "GET /users/verify?username=username&password=password HTTP/1.1" 200 48
[2021-10-22 19:06:19,252] DEBUG in urllib3.connectionpool: Starting new HTTP connection (1): localhost:5000
[2021-10-22 19:06:19,267] DEBUG in urllib3.connectionpool: http://localhost:5000 "GET /users/verify?username=&password= HTTP/1.1" 400 128
[2021-10-22 19:07:30,370] DEBUG in urllib3.connectionpool: Starting new HTTP connection (1): localhost:5000
[2021-10-22 19:07:30,393] DEBUG in urllib3.connectionpool: http://localhost:5000 "GET /users/verify?username=username&password=password HTTP/1.1" 200 48
[2021-10-22 19:07:30,402] DEBUG in urllib3.connectionpool: Starting new HTTP connection (1): localhost:5000
[2021-10-22 19:07:30,406] DEBUG in urllib3.connectionpool: http://localhost:5000 "GET /users/verify?username=&password= HTTP/1.1" 400 128
[2021-10-22 19:08:15,579] DEBUG in urllib3.connectionpool: Starting new HTTP connection (1): localhost:5000
[2021-10-22 19:08:15,597] DEBUG in urllib3.connectionpool: http://localhost:5000 "GET /users/verify?username=username&password=password HTTP/1.1" 200 48
[2021-10-22 19:08:44,788] DEBUG in urllib3.connectionpool: Starting new HTTP connection (1): localhost:5000
[2021-10-22 19:08:44,805] DEBUG in urllib3.connectionpool: http://localhost:5000 "GET /users/verify?username=username&password=password HTTP/1.1" 200 48
[2021-10-22 19:08:44,812] DEBUG in urllib3.connectionpool: Starting new HTTP connection (1): localhost:5000
[2021-10-22 19:08:44,820] DEBUG in urllib3.connectionpool: http://localhost:5000 "GET /users/verify?username=&password= HTTP/1.1" 400 128
[2021-10-22 19:12:25,314] DEBUG in urllib3.connectionpool: Starting new HTTP connection (1): localhost:5000
[2021-10-22 19:12:25,333] DEBUG in urllib3.connectionpool: http://localhost:5000 "GET /users/verify?username=username&password=password HTTP/1.1" 200 58
[2021-10-22 19:12:25,339] DEBUG in urllib3.connectionpool: Starting new HTTP connection (1): localhost:5000
[2021-10-22 19:12:25,350] DEBUG in urllib3.connectionpool: http://localhost:5000 "GET /users/verify?username=&password= HTTP/1.1" 400 128
[2021-10-22 19:13:07,735] DEBUG in urllib3.connectionpool: Starting new HTTP connection (1): localhost:5000
[2021-10-22 19:13:07,752] DEBUG in urllib3.connectionpool: http://localhost:5000 "GET /users/verify?username=username&password=password HTTP/1.1" 200 58
[2021-10-22 19:13:39,934] DEBUG in urllib3.connectionpool: Starting new HTTP connection (1): localhost:5000
[2021-10-22 19:13:39,953] DEBUG in urllib3.connectionpool: http://localhost:5000 "GET /users/verify?username=username&password=password HTTP/1.1" 200 58
[2021-10-22 19:14:19,263] DEBUG in urllib3.connectionpool: Starting new HTTP connection (1): localhost:5000
[2021-10-22 19:14:19,278] DEBUG in urllib3.connectionpool: http://localhost:5000 "GET /users/verify?username=username&password=password HTTP/1.1" 200 58
[2021-10-22 19:14:19,280] DEBUG in urllib3.connectionpool: Starting new HTTP connection (1): localhost:5000
[2021-10-22 19:14:19,294] DEBUG in urllib3.connectionpool: http://localhost:5000 "GET /users/verify?username=username&password=password HTTP/1.1" 200 58
[2021-10-22 19:14:19,305] DEBUG in urllib3.connectionpool: Starting new HTTP connection (1): localhost:5000
[2021-10-22 19:14:19,313] DEBUG in urllib3.connectionpool: http://localhost:5000 "GET /users/verify?username=&password= HTTP/1.1" 400 128
[2021-10-22 19:14:19,315] DEBUG in urllib3.connectionpool: Starting new HTTP connection (1): localhost:5000
[2021-10-22 19:14:19,318] DEBUG in urllib3.connectionpool: http://localhost:5000 "GET /users/verify?username=&password= HTTP/1.1" 400 128
[2021-10-22 19:16:02,427] DEBUG in urllib3.connectionpool: Starting new HTTP connection (1): localhost:5000
[2021-10-22 19:16:02,445] DEBUG in urllib3.connectionpool: http://localhost:5000 "GET /users/verify?username=username&password=password HTTP/1.1" 200 58
[2021-10-22 19:16:02,447] DEBUG in urllib3.connectionpool: Starting new HTTP connection (1): localhost:5000
[2021-10-22 19:16:02,461] DEBUG in urllib3.connectionpool: http://localhost:5000 "GET /users/verify?username=username&password=password HTTP/1.1" 200 58
[2021-10-22 19:17:04,439] DEBUG in urllib3.connectionpool: Starting new HTTP connection (1): localhost:5000
[2021-10-22 19:17:04,456] DEBUG in urllib3.connectionpool: http://localhost:5000 "GET /users/verify?username=username&password=password HTTP/1.1" 200 58
[2021-10-22 19:17:04,458] DEBUG in urllib3.connectionpool: Starting new HTTP connection (1): localhost:5000
[2021-10-22 19:17:04,477] DEBUG in urllib3.connectionpool: http://localhost:5000 "GET /users/verify?username=username&password=password HTTP/1.1" 200 58
[2021-10-22 19:17:04,488] DEBUG in urllib3.connectionpool: Starting new HTTP connection (1): localhost:5000
[2021-10-22 19:17:04,492] DEBUG in urllib3.connectionpool: http://localhost:5000 "GET /users/verify?username=&password= HTTP/1.1" 400 128
[2021-10-22 19:17:04,493] DEBUG in urllib3.connectionpool: Starting new HTTP connection (1): localhost:5000
[2021-10-22 19:17:04,508] DEBUG in urllib3.connectionpool: http://localhost:5000 "GET /users/verify?username=&password= HTTP/1.1" 400 128
[2021-10-22 19:21:23,577] DEBUG in urllib3.connectionpool: Starting new HTTP connection (1): localhost:5000
[2021-10-22 19:21:23,595] DEBUG in urllib3.connectionpool: http://localhost:5000 "GET /users/verify?username=username&password=password HTTP/1.1" 200 58
[2021-10-22 19:21:23,597] DEBUG in urllib3.connectionpool: Starting new HTTP connection (1): localhost:5000
[2021-10-22 19:21:23,613] DEBUG in urllib3.connectionpool: http://localhost:5000 "GET /users/verify?username=username&password=password HTTP/1.1" 200 58
[2021-10-22 19:21:23,624] DEBUG in urllib3.connectionpool: Starting new HTTP connection (1): localhost:5000
[2021-10-22 19:21:23,633] DEBUG in urllib3.connectionpool: http://localhost:5000 "GET /users/verify?username=username&password=password HTTP/1.1" 200 58
[2021-10-22 19:21:23,634] DEBUG in urllib3.connectionpool: Starting new HTTP connection (1): localhost:5000
[2021-10-22 19:21:23,654] DEBUG in urllib3.connectionpool: http://localhost:5000 "GET /users/verify?username=username&password=password HTTP/1.1" 200 58
[2021-10-22 19:21:46,486] DEBUG in urllib3.connectionpool: Starting new HTTP connection (1): localhost:5000
[2021-10-22 19:21:46,502] DEBUG in urllib3.connectionpool: http://localhost:5000 "GET /users/verify?username=username&password=password HTTP/1.1" 200 58
[2021-10-22 19:21:46,504] DEBUG in urllib3.connectionpool: Starting new HTTP connection (1): localhost:5000
[2021-10-22 19:21:46,518] DEBUG in urllib3.connectionpool: http://localhost:5000 "GET /users/verify?username=username&password=password HTTP/1.1" 200 58
[2021-10-22 19:22:11,050] DEBUG in urllib3.connectionpool: Starting new HTTP connection (1): localhost:5000
[2021-10-22 19:22:11,067] DEBUG in urllib3.connectionpool: http://localhost:5000 "GET /users/verify?username=username&password=password HTTP/1.1" 200 58
[2021-10-22 19:22:11,068] DEBUG in urllib3.connectionpool: Starting new HTTP connection (1): localhost:5000
[2021-10-22 19:22:11,088] DEBUG in urllib3.connectionpool: http://localhost:5000 "GET /users/verify?username=username&password=password HTTP/1.1" 200 58
[2021-10-22 19:22:11,095] DEBUG in urllib3.connectionpool: Starting new HTTP connection (1): localhost:5000
[2021-10-22 19:22:11,104] DEBUG in urllib3.connectionpool: http://localhost:5000 "GET /users/verify?username=username&password=password HTTP/1.1" 200 58
[2021-10-22 19:22:11,106] DEBUG in urllib3.connectionpool: Starting new HTTP connection (1): localhost:5000
[2021-10-22 19:22:11,127] DEBUG in urllib3.connectionpool: http://localhost:5000 "GET /users/verify?username=username&password=password HTTP/1.1" 200 58
[2021-10-22 19:45:07,492] DEBUG in urllib3.connectionpool: Starting new HTTP connection (1): localhost:5000
[2021-10-22 19:45:21,069] DEBUG in urllib3.connectionpool: Starting new HTTP connection (1): localhost:5000
[2021-10-22 19:45:44,666] DEBUG in urllib3.connectionpool: Starting new HTTP connection (1): localhost:5000
[2021-10-22 19:45:44,681] DEBUG in urllib3.connectionpool: http://localhost:5000 "GET /users/verify?username=chris&password=password2 HTTP/1.1" 200 56
[2021-10-22 19:45:44,688] DEBUG in urllib3.connectionpool: Starting new HTTP connection (1): localhost:5000
[2021-10-22 19:45:44,700] DEBUG in urllib3.connectionpool: http://localhost:5000 "GET /users/verify?username=chris&password=password2 HTTP/1.1" 200 56
[2021-10-22 19:46:40,883] DEBUG in urllib3.connectionpool: Starting new HTTP connection (1): localhost:5000
[2021-10-22 19:46:40,899] DEBUG in urllib3.connectionpool: http://localhost:5000 "GET /users/verify?username=chris&password=password2 HTTP/1.1" 200 56
[2021-10-22 19:46:40,908] DEBUG in urllib3.connectionpool: Starting new HTTP connection (1): localhost:5000
[2021-10-22 19:46:40,920] DEBUG in urllib3.connectionpool: http://localhost:5000 "GET /users/verify?username=chris&password=password2 HTTP/1.1" 200 56
[2021-10-22 19:52:51,135] DEBUG in urllib3.connectionpool: Starting new HTTP connection (1): localhost:5000
[2021-10-22 19:52:51,152] DEBUG in urllib3.connectionpool: http://localhost:5000 "GET /users/verify?username=chris&password=password2 HTTP/1.1" 200 56
[2021-10-22 19:52:51,157] DEBUG in urllib3.connectionpool: Starting new HTTP connection (1): localhost:5000
[2021-10-22 19:52:51,176] DEBUG in urllib3.connectionpool: http://localhost:5000 "GET /users/verify?username=chris&password=password2 HTTP/1.1" 200 56
[2021-10-22 19:52:55,591] DEBUG in urllib3.connectionpool: Starting new HTTP connection (1): localhost:5000
[2021-10-22 19:52:55,600] DEBUG in urllib3.connectionpool: http://localhost:5000 "GET /users/verify?username=chris&password=password2 HTTP/1.1" 200 56
[2021-10-22 19:52:55,607] DEBUG in urllib3.connectionpool: Starting new HTTP connection (1): localhost:5000
[2021-10-22 19:52:55,622] DEBUG in urllib3.connectionpool: http://localhost:5000 "GET /users/verify?username=chris&password=password2 HTTP/1.1" 200 56
[2021-10-22 19:53:31,479] DEBUG in urllib3.connectionpool: Starting new HTTP connection (1): localhost:5000
[2021-10-22 19:53:31,497] DEBUG in urllib3.connectionpool: http://localhost:5000 "GET /users/verify?username=chris&password=password2 HTTP/1.1" 200 56
[2021-10-22 19:53:31,504] DEBUG in urllib3.connectionpool: Starting new HTTP connection (1): localhost:5000
[2021-10-22 19:53:31,524] DEBUG in urllib3.connectionpool: http://localhost:5000 "GET /users/verify?username=chris&password=password2 HTTP/1.1" 200 56
[2021-10-22 20:12:30,000] DEBUG in urllib3.connectionpool: Starting new HTTP connection (1): localhost:5000
[2021-10-22 20:12:30,017] DEBUG in urllib3.connectionpool: http://localhost:5000 "GET /users/verify?username=steve&password=password3 HTTP/1.1" 200 56
[2021-10-22 20:12:30,023] DEBUG in urllib3.connectionpool: Starting new HTTP connection (1): localhost:5000
[2021-10-22 20:12:30,024] DEBUG in urllib3.connectionpool: http://localhost:5000 "GET /followers/steve HTTP/1.1" 404 3554
[2021-10-22 20:13:46,465] DEBUG in urllib3.connectionpool: Starting new HTTP connection (1): localhost:5000
[2021-10-22 20:13:46,482] DEBUG in urllib3.connectionpool: http://localhost:5000 "GET /users/verify?username=steve&password=password3 HTTP/1.1" 200 56
[2021-10-22 20:13:46,486] DEBUG in urllib3.connectionpool: Starting new HTTP connection (1): localhost:5000
[2021-10-22 20:13:46,500] DEBUG in urllib3.connectionpool: http://localhost:5000 "GET /followers?username=steve HTTP/1.1" 500 141
[2021-10-22 20:14:28,466] DEBUG in urllib3.connectionpool: Starting new HTTP connection (1): localhost:5000
[2021-10-22 20:14:28,482] DEBUG in urllib3.connectionpool: http://localhost:5000 "GET /users/verify?username=steve&password=password3 HTTP/1.1" 200 56
[2021-10-22 20:14:28,486] DEBUG in urllib3.connectionpool: Starting new HTTP connection (1): localhost:5000
[2021-10-22 20:14:28,502] DEBUG in urllib3.connectionpool: http://localhost:5000 "GET /followers?username=steve HTTP/1.1" 500 141
[2021-10-22 20:15:15,371] DEBUG in urllib3.connectionpool: Starting new HTTP connection (1): localhost:5000
[2021-10-22 20:15:15,386] DEBUG in urllib3.connectionpool: http://localhost:5000 "GET /users/verify?username=steve&password=password3 HTTP/1.1" 200 56
[2021-10-22 20:15:15,392] DEBUG in urllib3.connectionpool: Starting new HTTP connection (1): localhost:5000
[2021-10-22 20:15:15,416] DEBUG in urllib3.connectionpool: http://localhost:5000 "GET /followers?username=steve HTTP/1.1" 500 141
[2021-10-22 20:15:47,027] DEBUG in urllib3.connectionpool: Starting new HTTP connection (1): localhost:5000
[2021-10-22 20:15:47,037] DEBUG in urllib3.connectionpool: http://localhost:5000 "GET /users/verify?username=steve&password=password3 HTTP/1.1" 200 56
[2021-10-22 20:15:47,046] DEBUG in urllib3.connectionpool: Starting new HTTP connection (1): localhost:5000
[2021-10-22 20:15:47,055] DEBUG in urllib3.connectionpool: http://localhost:5000 "GET /followers?username=steve HTTP/1.1" 500 141
[2021-10-22 20:15:54,590] DEBUG in urllib3.connectionpool: Starting new HTTP connection (1): localhost:5000
[2021-10-22 20:15:54,608] DEBUG in urllib3.connectionpool: http://localhost:5000 "GET /users/verify?username=steve&password=password3 HTTP/1.1" 200 56
[2021-10-22 20:15:54,612] DEBUG in urllib3.connectionpool: Starting new HTTP connection (1): localhost:5000
[2021-10-22 20:15:54,634] DEBUG in urllib3.connectionpool: http://localhost:5000 "GET /followers?username=steve HTTP/1.1" 500 141
[2021-10-22 20:17:07,279] DEBUG in urllib3.connectionpool: Starting new HTTP connection (1): localhost:5000
[2021-10-22 20:17:07,296] DEBUG in urllib3.connectionpool: http://localhost:5000 "GET /users/verify?username=steve&password=password3 HTTP/1.1" 200 56
[2021-10-22 20:17:07,299] DEBUG in urllib3.connectionpool: Starting new HTTP connection (1): localhost:5000
[2021-10-22 20:17:07,315] DEBUG in urllib3.connectionpool: http://localhost:5000 "GET /followers?username=steve HTTP/1.1" 200 75
[2021-10-22 20:17:38,523] DEBUG in urllib3.connectionpool: Starting new HTTP connection (1): localhost:5000
[2021-10-22 20:17:38,540] DEBUG in urllib3.connectionpool: http://localhost:5000 "GET /users/verify?username=steve&password=password3 HTTP/1.1" 200 56
[2021-10-22 20:17:38,545] DEBUG in urllib3.connectionpool: Starting new HTTP connection (1): localhost:5000
[2021-10-22 20:17:38,556] DEBUG in urllib3.connectionpool: http://localhost:5000 "GET /followers?username=steve HTTP/1.1" 200 75
[2021-10-22 20:18:25,637] DEBUG in urllib3.connectionpool: Starting new HTTP connection (1): localhost:5000
[2021-10-22 20:18:25,654] DEBUG in urllib3.connectionpool: http://localhost:5000 "GET /users/verify?username=steve&password=password3 HTTP/1.1" 200 56
[2021-10-22 20:18:25,658] DEBUG in urllib3.connectionpool: Starting new HTTP connection (1): localhost:5000
[2021-10-22 20:18:25,670] DEBUG in urllib3.connectionpool: http://localhost:5000 "GET /followers?username=steve HTTP/1.1" 200 75
[2021-10-22 20:18:53,692] DEBUG in urllib3.connectionpool: Starting new HTTP connection (1): localhost:5000
[2021-10-22 20:18:53,708] DEBUG in urllib3.connectionpool: http://localhost:5000 "GET /users/verify?username=steve&password=password3 HTTP/1.1" 200 56
[2021-10-22 20:18:53,713] DEBUG in urllib3.connectionpool: Starting new HTTP connection (1): localhost:5000
[2021-10-22 20:18:53,725] DEBUG in urllib3.connectionpool: http://localhost:5000 "GET /followers?username=steve HTTP/1.1" 200 75
[2021-10-22 20:19:27,738] DEBUG in urllib3.connectionpool: Starting new HTTP connection (1): localhost:5000
[2021-10-22 20:19:27,754] DEBUG in urllib3.connectionpool: http://localhost:5000 "GET /users/verify?username=steve&password=password3 HTTP/1.1" 200 56
[2021-10-22 20:19:27,758] DEBUG in urllib3.connectionpool: Starting new HTTP connection (1): localhost:5000
[2021-10-22 20:19:27,771] DEBUG in urllib3.connectionpool: http://localhost:5000 "GET /followers?username=steve HTTP/1.1" 200 75
[2021-10-22 20:20:04,379] DEBUG in urllib3.connectionpool: Starting new HTTP connection (1): localhost:5000
[2021-10-22 20:20:04,396] DEBUG in urllib3.connectionpool: http://localhost:5000 "GET /users/verify?username=steve&password=password3 HTTP/1.1" 200 56
[2021-10-22 20:20:04,400] DEBUG in urllib3.connectionpool: Starting new HTTP connection (1): localhost:5000
[2021-10-22 20:20:04,416] DEBUG in urllib3.connectionpool: http://localhost:5000 "GET /followers?username=steve HTTP/1.1" 200 75
[2021-10-22 20:24:55,262] DEBUG in urllib3.connectionpool: Starting new HTTP connection (1): localhost:5000
[2021-10-22 20:24:55,278] DEBUG in urllib3.connectionpool: http://localhost:5000 "GET /users/verify?username=steve&password=password3 HTTP/1.1" 200 56
[2021-10-22 20:24:55,285] DEBUG in urllib3.connectionpool: Starting new HTTP connection (1): localhost:5000
[2021-10-22 20:24:55,295] DEBUG in urllib3.connectionpool: http://localhost:5000 "GET /followers?username=steve HTTP/1.1" 200 75
[2021-10-22 20:25:25,402] DEBUG in urllib3.connectionpool: Starting new HTTP connection (1): localhost:5000
[2021-10-22 20:25:25,419] DEBUG in urllib3.connectionpool: http://localhost:5000 "GET /users/verify?username=steve&password=password3 HTTP/1.1" 200 56
[2021-10-22 20:25:25,425] DEBUG in urllib3.connectionpool: Starting new HTTP connection (1): localhost:5000
[2021-10-22 20:25:25,440] DEBUG in urllib3.connectionpool: http://localhost:5000 "GET /followers?username=steve HTTP/1.1" 200 75
[2021-10-22 20:25:52,682] DEBUG in urllib3.connectionpool: Starting new HTTP connection (1): localhost:5000
[2021-10-22 20:25:52,698] DEBUG in urllib3.connectionpool: http://localhost:5000 "GET /users/verify?username=steve&password=password3 HTTP/1.1" 200 56
[2021-10-22 20:25:52,705] DEBUG in urllib3.connectionpool: Starting new HTTP connection (1): localhost:5000
[2021-10-22 20:25:52,715] DEBUG in urllib3.connectionpool: http://localhost:5000 "GET /followers?username=steve HTTP/1.1" 200 75
[2021-10-22 20:26:30,148] DEBUG in urllib3.connectionpool: Starting new HTTP connection (1): localhost:5000
[2021-10-22 20:26:30,164] DEBUG in urllib3.connectionpool: http://localhost:5000 "GET /users/verify?username=steve&password=password3 HTTP/1.1" 200 56
[2021-10-22 20:26:30,171] DEBUG in urllib3.connectionpool: Starting new HTTP connection (1): localhost:5000
[2021-10-22 20:26:30,181] DEBUG in urllib3.connectionpool: http://localhost:5000 "GET /followers?username=steve HTTP/1.1" 200 75
[2021-10-22 20:26:54,342] DEBUG in urllib3.connectionpool: Starting new HTTP connection (1): localhost:5000
[2021-10-22 20:26:54,359] DEBUG in urllib3.connectionpool: http://localhost:5000 "GET /users/verify?username=steve&password=password3 HTTP/1.1" 200 56
[2021-10-22 20:26:54,365] DEBUG in urllib3.connectionpool: Starting new HTTP connection (1): localhost:5000
[2021-10-22 20:26:54,381] DEBUG in urllib3.connectionpool: http://localhost:5000 "GET /followers?username=steve HTTP/1.1" 200 75
[2021-10-22 20:27:17,117] DEBUG in urllib3.connectionpool: Starting new HTTP connection (1): localhost:5000
[2021-10-22 20:27:17,127] DEBUG in urllib3.connectionpool: http://localhost:5000 "GET /users/verify?username=steve&password=password3 HTTP/1.1" 200 56
[2021-10-22 20:27:17,133] DEBUG in urllib3.connectionpool: Starting new HTTP connection (1): localhost:5000
[2021-10-22 20:27:17,142] DEBUG in urllib3.connectionpool: http://localhost:5000 "GET /followers?username=steve HTTP/1.1" 200 75
[2021-10-22 20:27:25,095] DEBUG in urllib3.connectionpool: Starting new HTTP connection (1): localhost:5000
[2021-10-22 20:27:25,111] DEBUG in urllib3.connectionpool: http://localhost:5000 "GET /users/verify?username=steve&password=password3 HTTP/1.1" 200 56
[2021-10-22 20:27:25,117] DEBUG in urllib3.connectionpool: Starting new HTTP connection (1): localhost:5000
[2021-10-22 20:27:25,132] DEBUG in urllib3.connectionpool: http://localhost:5000 "GET /followers?username=steve HTTP/1.1" 200 75
[2021-10-22 20:27:51,065] DEBUG in urllib3.connectionpool: Starting new HTTP connection (1): localhost:5000
[2021-10-22 20:27:51,082] DEBUG in urllib3.connectionpool: http://localhost:5000 "GET /users/verify?username=steve&password=password3 HTTP/1.1" 200 56
[2021-10-22 20:27:51,089] DEBUG in urllib3.connectionpool: Starting new HTTP connection (1): localhost:5000
[2021-10-22 20:27:51,100] DEBUG in urllib3.connectionpool: http://localhost:5000 "GET /followers?username=steve HTTP/1.1" 200 75
[2021-10-22 20:29:11,262] DEBUG in urllib3.connectionpool: Starting new HTTP connection (1): localhost:5000
[2021-10-22 20:29:11,280] DEBUG in urllib3.connectionpool: http://localhost:5000 "GET /users/verify?username=steve&password=password3 HTTP/1.1" 200 56
[2021-10-22 20:29:11,286] DEBUG in urllib3.connectionpool: Starting new HTTP connection (1): localhost:5000
[2021-10-22 20:29:11,305] DEBUG in urllib3.connectionpool: http://localhost:5000 "GET /followers?username=steve HTTP/1.1" 200 75
[2021-10-22 20:29:54,763] DEBUG in urllib3.connectionpool: Starting new HTTP connection (1): localhost:5000
[2021-10-22 20:29:54,781] DEBUG in urllib3.connectionpool: http://localhost:5000 "GET /users/verify?username=steve&password=password3 HTTP/1.1" 200 56
[2021-10-22 20:29:54,787] DEBUG in urllib3.connectionpool: Starting new HTTP connection (1): localhost:5000
[2021-10-22 20:29:54,806] DEBUG in urllib3.connectionpool: http://localhost:5000 "GET /followers?username=steve HTTP/1.1" 200 75
[2021-10-22 20:30:36,240] DEBUG in urllib3.connectionpool: Starting new HTTP connection (1): localhost:5000
[2021-10-22 20:30:36,258] DEBUG in urllib3.connectionpool: http://localhost:5000 "GET /users/verify?username=steve&password=password3 HTTP/1.1" 200 56
[2021-10-22 20:30:36,265] DEBUG in urllib3.connectionpool: Starting new HTTP connection (1): localhost:5000
[2021-10-22 20:30:36,283] DEBUG in urllib3.connectionpool: http://localhost:5000 "GET /followers?username=steve HTTP/1.1" 200 75
[2021-10-22 20:32:28,996] DEBUG in urllib3.connectionpool: Starting new HTTP connection (1): localhost:5000
[2021-10-22 20:32:29,007] DEBUG in urllib3.connectionpool: http://localhost:5000 "GET /users/verify?username=john&password=password4 HTTP/1.1" 200 55
[2021-10-22 20:32:39,960] DEBUG in urllib3.connectionpool: Starting new HTTP connection (1): localhost:5000
[2021-10-22 20:32:39,972] DEBUG in urllib3.connectionpool: http://localhost:5000 "GET /users/verify?username=john&password=password2 HTTP/1.1" 401 29
[2021-10-22 20:32:46,728] DEBUG in urllib3.connectionpool: Starting new HTTP connection (1): localhost:5000
[2021-10-22 20:32:46,739] DEBUG in urllib3.connectionpool: http://localhost:5000 "GET /users/verify?username=john&password=password4 HTTP/1.1" 200 55
[2021-10-22 20:33:15,403] DEBUG in urllib3.connectionpool: Starting new HTTP connection (1): localhost:5000
[2021-10-22 20:33:15,413] DEBUG in urllib3.connectionpool: http://localhost:5000 "GET /users/verify?username=john&password=password4 HTTP/1.1" 200 55
[2021-10-22 20:34:27,286] DEBUG in urllib3.connectionpool: Starting new HTTP connection (1): localhost:5000
[2021-10-22 20:34:27,305] DEBUG in urllib3.connectionpool: http://localhost:5000 "GET /users/verify?username=john&password=password4 HTTP/1.1" 200 55
[2021-10-22 20:34:39,071] DEBUG in urllib3.connectionpool: Starting new HTTP connection (1): localhost:5000
[2021-10-22 20:34:39,085] DEBUG in urllib3.connectionpool: http://localhost:5000 "GET /users/verify?username=steve&password=password3 HTTP/1.1" 200 56
[2021-10-22 20:34:39,091] DEBUG in urllib3.connectionpool: Starting new HTTP connection (1): localhost:5000
[2021-10-22 20:34:39,105] DEBUG in urllib3.connectionpool: http://localhost:5000 "GET /followers?username=steve HTTP/1.1" 200 75
[2021-10-22 20:35:18,466] DEBUG in urllib3.connectionpool: Starting new HTTP connection (1): localhost:5000
[2021-10-22 20:35:18,476] DEBUG in urllib3.connectionpool: http://localhost:5000 "GET /users/verify?username=steve&password=password3 HTTP/1.1" 200 56
[2021-10-22 20:35:47,818] DEBUG in urllib3.connectionpool: Starting new HTTP connection (1): localhost:5000
[2021-10-22 20:35:47,828] DEBUG in urllib3.connectionpool: http://localhost:5000 "GET /users/verify?username=john&password=password4 HTTP/1.1" 200 55
[2021-10-22 20:36:36,292] DEBUG in urllib3.connectionpool: Starting new HTTP connection (1): localhost:5000
[2021-10-22 20:36:36,310] DEBUG in urllib3.connectionpool: http://localhost:5000 "GET /users/verify?username=john&password=password4 HTTP/1.1" 200 55
[2021-10-22 20:37:24,935] DEBUG in urllib3.connectionpool: Starting new HTTP connection (1): localhost:5000
[2021-10-22 20:37:24,956] DEBUG in urllib3.connectionpool: http://localhost:5000 "GET /users/verify?username=john&password=password4 HTTP/1.1" 200 55
[2021-10-22 20:38:19,782] DEBUG in urllib3.connectionpool: Starting new HTTP connection (1): localhost:5000
[2021-10-22 20:38:19,793] DEBUG in urllib3.connectionpool: http://localhost:5000 "GET /users/verify?username=chris&password=password2 HTTP/1.1" 200 56
[2021-10-22 20:39:21,303] DEBUG in urllib3.connectionpool: Starting new HTTP connection (1): localhost:5000
[2021-10-22 20:39:21,315] DEBUG in urllib3.connectionpool: http://localhost:5000 "GET /users/verify?username=chris&password=password2 HTTP/1.1" 200 56
[2021-10-22 20:39:21,322] DEBUG in urllib3.connectionpool: Starting new HTTP connection (1): localhost:5000
[2021-10-22 20:39:21,339] DEBUG in urllib3.connectionpool: http://localhost:5000 "GET /followers?username=chris HTTP/1.1" 200 134
[2021-10-22 20:41:02,985] DEBUG in urllib3.connectionpool: Starting new HTTP connection (1): localhost:5000
[2021-10-22 20:41:03,001] DEBUG in urllib3.connectionpool: http://localhost:5000 "GET /users/verify?username=chris&password=password2 HTTP/1.1" 200 56
[2021-10-22 20:41:03,007] DEBUG in urllib3.connectionpool: Starting new HTTP connection (1): localhost:5000
[2021-10-22 20:41:03,019] DEBUG in urllib3.connectionpool: http://localhost:5000 "GET /followers?username=chris HTTP/1.1" 200 134
[2021-10-22 20:41:27,316] DEBUG in urllib3.connectionpool: Starting new HTTP connection (1): localhost:5000
[2021-10-22 20:41:27,333] DEBUG in urllib3.connectionpool: http://localhost:5000 "GET /users/verify?username=chris&password=password2 HTTP/1.1" 200 56
[2021-10-22 20:41:27,340] DEBUG in urllib3.connectionpool: Starting new HTTP connection (1): localhost:5000
[2021-10-22 20:41:27,353] DEBUG in urllib3.connectionpool: http://localhost:5000 "GET /followers?username=chris HTTP/1.1" 200 134
[2021-10-22 20:42:34,847] DEBUG in urllib3.connectionpool: Starting new HTTP connection (1): localhost:5000
[2021-10-22 20:42:34,866] DEBUG in urllib3.connectionpool: http://localhost:5000 "GET /users/verify?username=chris&password=password2 HTTP/1.1" 200 56
[2021-10-22 20:42:34,872] DEBUG in urllib3.connectionpool: Starting new HTTP connection (1): localhost:5000
[2021-10-22 20:42:34,886] DEBUG in urllib3.connectionpool: http://localhost:5000 "GET /followers?username=chris HTTP/1.1" 200 134
[2021-10-22 20:43:52,218] DEBUG in urllib3.connectionpool: Starting new HTTP connection (1): localhost:5000
[2021-10-22 20:43:52,234] DEBUG in urllib3.connectionpool: http://localhost:5000 "GET /users/verify?username=chris&password=password2 HTTP/1.1" 200 56
[2021-10-22 20:43:52,242] DEBUG in urllib3.connectionpool: Starting new HTTP connection (1): localhost:5000
[2021-10-22 20:43:52,255] DEBUG in urllib3.connectionpool: http://localhost:5000 "GET /followers?username=chris HTTP/1.1" 200 134
[2021-10-22 20:44:04,319] DEBUG in urllib3.connectionpool: Starting new HTTP connection (1): localhost:5000
[2021-10-22 20:44:04,335] DEBUG in urllib3.connectionpool: http://localhost:5000 "GET /users/verify?username=chris&password=password2 HTTP/1.1" 200 56
[2021-10-22 20:44:04,342] DEBUG in urllib3.connectionpool: Starting new HTTP connection (1): localhost:5000
[2021-10-22 20:44:04,354] DEBUG in urllib3.connectionpool: http://localhost:5000 "GET /followers?username=chris HTTP/1.1" 200 134
[2021-10-22 20:46:46,389] DEBUG in urllib3.connectionpool: Starting new HTTP connection (1): localhost:5000
[2021-10-22 20:46:46,405] DEBUG in urllib3.connectionpool: http://localhost:5000 "GET /users/verify?username=chris&password=password2 HTTP/1.1" 200 56
[2021-10-22 20:46:46,411] DEBUG in urllib3.connectionpool: Starting new HTTP connection (1): localhost:5000
[2021-10-22 20:46:46,422] DEBUG in urllib3.connectionpool: http://localhost:5000 "GET /followers?username=chris HTTP/1.1" 200 134
[2021-10-22 20:47:06,122] DEBUG in urllib3.connectionpool: Starting new HTTP connection (1): localhost:5000
[2021-10-22 20:47:06,138] DEBUG in urllib3.connectionpool: http://localhost:5000 "GET /users/verify?username=chris&password=password2 HTTP/1.1" 200 56
[2021-10-22 20:47:06,143] DEBUG in urllib3.connectionpool: Starting new HTTP connection (1): localhost:5000
[2021-10-22 20:47:06,155] DEBUG in urllib3.connectionpool: http://localhost:5000 "GET /followers?username=chris HTTP/1.1" 200 134
[2021-10-22 20:50:16,415] DEBUG in urllib3.connectionpool: Starting new HTTP connection (1): localhost:5000
[2021-10-22 20:50:16,432] DEBUG in urllib3.connectionpool: http://localhost:5000 "GET /users/verify?username=chris&password=password2 HTTP/1.1" 200 56
[2021-10-22 20:50:16,438] DEBUG in urllib3.connectionpool: Starting new HTTP connection (1): localhost:5000
[2021-10-22 20:50:16,453] DEBUG in urllib3.connectionpool: http://localhost:5000 "GET /followers?username=chris HTTP/1.1" 200 134
[2021-10-22 20:54:31,207] DEBUG in urllib3.connectionpool: Starting new HTTP connection (1): localhost:5000
[2021-10-22 20:54:31,226] DEBUG in urllib3.connectionpool: http://localhost:5000 "GET /users/verify?username=chris&password=password2 HTTP/1.1" 200 56
[2021-10-22 20:54:31,232] DEBUG in urllib3.connectionpool: Starting new HTTP connection (1): localhost:5000
[2021-10-22 20:54:31,250] DEBUG in urllib3.connectionpool: http://localhost:5000 "GET /followers?username=chris HTTP/1.1" 200 134
[2021-10-22 20:57:03,863] DEBUG in urllib3.connectionpool: Starting new HTTP connection (1): localhost:5000
[2021-10-22 20:57:03,880] DEBUG in urllib3.connectionpool: http://localhost:5000 "GET /users/verify?username=chris&password=password2 HTTP/1.1" 200 56
[2021-10-22 20:57:03,886] DEBUG in urllib3.connectionpool: Starting new HTTP connection (1): localhost:5000
[2021-10-22 20:57:03,901] DEBUG in urllib3.connectionpool: http://localhost:5000 "GET /followers?username=chris HTTP/1.1" 200 134
[2021-10-22 20:57:53,447] DEBUG in urllib3.connectionpool: Starting new HTTP connection (1): localhost:5000
[2021-10-22 20:57:53,466] DEBUG in urllib3.connectionpool: http://localhost:5000 "GET /users/verify?username=chris&password=password2 HTTP/1.1" 200 56
[2021-10-22 20:57:53,472] DEBUG in urllib3.connectionpool: Starting new HTTP connection (1): localhost:5000
[2021-10-22 20:57:53,511] DEBUG in urllib3.connectionpool: http://localhost:5000 "GET /followers?username=chris HTTP/1.1" 200 134
[2021-10-22 20:58:05,076] DEBUG in urllib3.connectionpool: Starting new HTTP connection (1): localhost:5000
[2021-10-22 20:58:05,094] DEBUG in urllib3.connectionpool: http://localhost:5000 "GET /users/verify?username=chris&password=password2 HTTP/1.1" 200 56
[2021-10-22 20:58:05,099] DEBUG in urllib3.connectionpool: Starting new HTTP connection (1): localhost:5000
[2021-10-22 20:58:05,117] DEBUG in urllib3.connectionpool: http://localhost:5000 "GET /followers?username=chris HTTP/1.1" 200 134
[2021-10-22 20:58:32,648] DEBUG in urllib3.connectionpool: Starting new HTTP connection (1): localhost:5000
[2021-10-22 20:58:32,666] DEBUG in urllib3.connectionpool: http://localhost:5000 "GET /users/verify?username=chris&password=password2 HTTP/1.1" 200 56
[2021-10-22 20:58:32,672] DEBUG in urllib3.connectionpool: Starting new HTTP connection (1): localhost:5000
[2021-10-22 20:58:32,688] DEBUG in urllib3.connectionpool: http://localhost:5000 "GET /followers?username=chris HTTP/1.1" 200 134
[2021-10-22 20:58:46,935] DEBUG in urllib3.connectionpool: Starting new HTTP connection (1): localhost:5000
[2021-10-22 20:58:46,951] DEBUG in urllib3.connectionpool: http://localhost:5000 "GET /users/verify?username=chris&password=password2 HTTP/1.1" 200 56
[2021-10-22 20:58:46,960] DEBUG in urllib3.connectionpool: Starting new HTTP connection (1): localhost:5000
[2021-10-22 20:58:46,971] DEBUG in urllib3.connectionpool: http://localhost:5000 "GET /followers?username=chris HTTP/1.1" 200 134
[2021-10-22 21:03:14,907] DEBUG in urllib3.connectionpool: Starting new HTTP connection (1): localhost:5000
[2021-10-22 21:03:14,923] DEBUG in urllib3.connectionpool: http://localhost:5000 "GET /users/verify?username=chris&password=password2 HTTP/1.1" 200 56
[2021-10-22 21:03:14,928] DEBUG in urllib3.connectionpool: Starting new HTTP connection (1): localhost:5000
[2021-10-22 21:03:14,941] DEBUG in urllib3.connectionpool: http://localhost:5000 "GET /followers?username=chris HTTP/1.1" 200 134
[2021-10-22 21:06:26,605] DEBUG in urllib3.connectionpool: Starting new HTTP connection (1): localhost:5000
[2021-10-22 21:06:26,623] DEBUG in urllib3.connectionpool: http://localhost:5000 "GET /users/verify?username=chris&password=password2 HTTP/1.1" 200 56
[2021-10-22 21:06:26,629] DEBUG in urllib3.connectionpool: Starting new HTTP connection (1): localhost:5000
[2021-10-22 21:06:26,645] DEBUG in urllib3.connectionpool: http://localhost:5000 "GET /followers?username=chris HTTP/1.1" 200 134
[2021-10-22 21:07:07,029] DEBUG in urllib3.connectionpool: Starting new HTTP connection (1): localhost:5000
[2021-10-22 21:07:07,045] DEBUG in urllib3.connectionpool: http://localhost:5000 "GET /users/verify?username=chris&password=password2 HTTP/1.1" 200 56
[2021-10-22 21:07:07,052] DEBUG in urllib3.connectionpool: Starting new HTTP connection (1): localhost:5000
[2021-10-22 21:07:07,064] DEBUG in urllib3.connectionpool: http://localhost:5000 "GET /followers?username=chris HTTP/1.1" 200 134
[2021-10-22 21:08:30,507] DEBUG in urllib3.connectionpool: Starting new HTTP connection (1): localhost:5000
[2021-10-22 21:08:30,525] DEBUG in urllib3.connectionpool: http://localhost:5000 "GET /users/verify?username=chris&password=password2 HTTP/1.1" 200 56
[2021-10-22 21:08:30,531] DEBUG in urllib3.connectionpool: Starting new HTTP connection (1): localhost:5000
[2021-10-22 21:08:30,550] DEBUG in urllib3.connectionpool: http://localhost:5000 "GET /followers?username=chris HTTP/1.1" 200 134
[2021-10-22 21:09:39,785] DEBUG in urllib3.connectionpool: Starting new HTTP connection (1): localhost:5000
[2021-10-22 21:09:39,801] DEBUG in urllib3.connectionpool: http://localhost:5000 "GET /users/verify?username=chris&password=password2 HTTP/1.1" 200 56
[2021-10-22 21:09:39,808] DEBUG in urllib3.connectionpool: Starting new HTTP connection (1): localhost:5000
[2021-10-22 21:09:39,827] DEBUG in urllib3.connectionpool: http://localhost:5000 "GET /followers?username=chris HTTP/1.1" 200 134
[2021-10-22 21:11:21,749] DEBUG in urllib3.connectionpool: Starting new HTTP connection (1): localhost:5000
[2021-10-22 21:11:21,766] DEBUG in urllib3.connectionpool: http://localhost:5000 "GET /users/verify?username=chris&password=password2 HTTP/1.1" 200 56
[2021-10-22 21:11:21,772] DEBUG in urllib3.connectionpool: Starting new HTTP connection (1): localhost:5000
[2021-10-22 21:11:21,787] DEBUG in urllib3.connectionpool: http://localhost:5000 "GET /followers?username=chris HTTP/1.1" 200 134
[2021-10-22 21:11:57,213] DEBUG in urllib3.connectionpool: Starting new HTTP connection (1): localhost:5000
[2021-10-22 21:11:57,230] DEBUG in urllib3.connectionpool: http://localhost:5000 "GET /users/verify?username=chris&password=password2 HTTP/1.1" 200 56
[2021-10-22 21:11:57,236] DEBUG in urllib3.connectionpool: Starting new HTTP connection (1): localhost:5000
[2021-10-22 21:11:57,253] DEBUG in urllib3.connectionpool: http://localhost:5000 "GET /followers?username=chris HTTP/1.1" 200 134
[2021-10-22 21:13:03,449] DEBUG in urllib3.connectionpool: Starting new HTTP connection (1): localhost:5000
[2021-10-22 21:13:03,466] DEBUG in urllib3.connectionpool: http://localhost:5000 "GET /users/verify?username=chris&password=password2 HTTP/1.1" 200 56
[2021-10-22 21:13:03,472] DEBUG in urllib3.connectionpool: Starting new HTTP connection (1): localhost:5000
[2021-10-22 21:13:03,487] DEBUG in urllib3.connectionpool: http://localhost:5000 "GET /followers?username=chris HTTP/1.1" 200 134
